[167月2026 20:26:34.388] [main/INFO] [cpw.mods.modlauncher.Launcher/MODLAUNCHER]: ModLauncher running: args [--launchTarget, forgeclientuserdev, --version, MOD_DEV, --assetIndex, 5, --assetsDir, C:\Users\minec\.gradle\caches\forge_gradle\assets, --gameDir, ., --fml.forgeVersion, 47.4.21, --fml.mcVersion, 1.20.1, --fml.forgeGroup, net.minecraftforge, --fml.mcpVersion, 20230612.114412, --mixin.config, freemarket.mixins.json]
[167月2026 20:26:34.394] [main/INFO] [cpw.mods.modlauncher.Launcher/MODLAUNCHER]: ModLauncher 10.0.9+10.0.9+main.dcd20f30 starting: java version 17.0.16 by Eclipse Adoptium; OS Windows 11 arch amd64 version 10.0
[167月2026 20:26:34.539] [main/WARN] [net.minecraftforge.fml.loading.FMLConfig/CORE]: Configuration file D:\MODProject\FreeMarket\run\config\fml.toml is not correct. Correcting
[167月2026 20:26:34.548] [main/INFO] [net.minecraftforge.fml.loading.FMLConfig/CORE]: Incorrect key [earlyWindowSkipGLVersions] was corrected from null to []
[167月2026 20:26:34.549] [main/INFO] [net.minecraftforge.fml.loading.FMLConfig/CORE]: Incorrect key [earlyWindowLogHelpMessage] was corrected from null to true
[167月2026 20:26:34.549] [main/INFO] [net.minecraftforge.fml.loading.FMLConfig/CORE]: Incorrect key [earlyWindowSquir] was corrected from null to false
[167月2026 20:26:34.549] [main/INFO] [net.minecraftforge.fml.loading.FMLConfig/CORE]: Incorrect key [earlyWindowShowCPU] was corrected from null to false
[167月2026 20:26:34.567] [main/INFO] [net.minecraftforge.fml.loading.ImmediateWindowHandler/]: Loading ImmediateWindowProvider fmlearlywindow
[167月2026 20:26:34.664] [main/INFO] [EARLYDISPLAY/]: Trying GL version 4.6
[167月2026 20:26:34.664] [main/INFO] [EARLYDISPLAY/]: If this message is the only thing at the bottom of your log before a crash, you probably have a driver issue.

Possible solutions:
A) Make sure Minecraft is set to prefer high performance graphics in the OS and/or driver control panel
B) Check for driver updates on the graphics brand's website
C) Try reinstalling your graphics drivers
D) If still not working after trying all of the above, ask for further help on the Forge forums or Discord

You can safely ignore this message if the game starts up successfully.
[167月2026 20:26:34.981] [main/INFO] [EARLYDISPLAY/]: Requested GL version 4.6 got version 4.6
[167月2026 20:26:35.084] [main/INFO] [mixin/]: SpongePowered MIXIN Subsystem Version=0.8.5 Source=union:/C:/Users/minec/.gradle/caches/modules-2/files-2.1/org.spongepowered/mixin/0.8.5/9d1c0c3a304ae6697ecd477218fa61b850bf57fc/mixin-0.8.5.jar%23131!/ Service=ModLauncher Env=CLIENT
[167月2026 20:26:35.113] [pool-2-thread-1/INFO] [EARLYDISPLAY/]: GL info: NVIDIA GeForce RTX 3060/PCIe/SSE2 GL version 4.6.0 NVIDIA 595.95, NVIDIA Corporation
[167月2026 20:26:35.384] [main/WARN] [net.minecraftforge.fml.loading.moddiscovery.ModFileParser/LOADING]: Mod file C:\Users\minec\.gradle\caches\modules-2\files-2.1\net.minecraftforge\javafmllanguage\1.20.1-47.4.21\8e87b76ca678e322f14b585319f3eceac40f063a\javafmllanguage-1.20.1-47.4.21.jar is missing mods.toml file
[167月2026 20:26:35.389] [main/WARN] [net.minecraftforge.fml.loading.moddiscovery.ModFileParser/LOADING]: Mod file C:\Users\minec\.gradle\caches\modules-2\files-2.1\net.minecraftforge\lowcodelanguage\1.20.1-47.4.21\fbe5d4760de494e424966e6f021fa42c6fd31447\lowcodelanguage-1.20.1-47.4.21.jar is missing mods.toml file
[167月2026 20:26:35.393] [main/WARN] [net.minecraftforge.fml.loading.moddiscovery.ModFileParser/LOADING]: Mod file C:\Users\minec\.gradle\caches\modules-2\files-2.1\net.minecraftforge\mclanguage\1.20.1-47.4.21\44319630870edd2f067f6541582d5c36b196ffa7\mclanguage-1.20.1-47.4.21.jar is missing mods.toml file
[167月2026 20:26:35.397] [main/WARN] [net.minecraftforge.fml.loading.moddiscovery.ModFileParser/LOADING]: Mod file C:\Users\minec\.gradle\caches\modules-2\files-2.1\net.minecraftforge\fmlcore\1.20.1-47.4.21\bb5521a74689ba95a215548882b8e116ee4f0e4a\fmlcore-1.20.1-47.4.21.jar is missing mods.toml file
[167月2026 20:26:35.467] [main/INFO] [net.minecraftforge.fml.loading.moddiscovery.JarInJarDependencyLocator/]: No dependencies to load found. Skipping!
